<?xml version="1.0" encoding="UTF-8"?>
<!-- Generated by org.testng.reporters.JUnitReportReporter -->
<testsuite hostname="ASUS" failures="0" tests="3" name="com.testng.SimpleAnnotation" time="0.007" errors="0" timestamp="2024-09-17T12:19:37 IST" skipped="0">
  <testcase classname="com.testng.SimpleAnnotation" name="men" time="0.001"/>
  <system-out/>
  <testcase classname="com.testng.SimpleAnnotation" name="women" time="0.001"/>
  <system-out/>
  <testcase classname="com.testng.SimpleAnnotation" name="child" time="0.005"/>
  <system-out/>
</testsuite> <!-- com.testng.SimpleAnnotation -->
