<?xml version="1.0" encoding="UTF-8"?>
<!-- Generated by org.testng.reporters.JUnitReportReporter -->
<testsuite hostname="ASUS" failures="0" tests="2" name="com.testng.CrossbrowserTesting" time="26.447" errors="0" timestamp="2024-09-19T09:44:41 IST" skipped="0">
  <testcase classname="com.testng.CrossbrowserTesting" name="firefox" time="23.447"/>
  <system-out/>
  <testcase classname="com.testng.CrossbrowserTesting" name="edge" time="3.000"/>
  <system-out/>
</testsuite> <!-- com.testng.CrossbrowserTesting -->
