<?xml version="1.0" encoding="UTF-8"?>
<!-- Generated by org.testng.reporters.JUnitReportReporter -->
<testsuite hostname="ASUS" failures="0" tests="9" name="com.testng.Grouping" time="0.032" errors="0" timestamp="2024-09-19T12:20:08 IST" skipped="0">
  <testcase classname="com.testng.Grouping" name="briyani" time="0.019"/>
  <system-out/>
  <testcase classname="com.testng.Grouping" name="watch" time="0.001"/>
  <system-out/>
  <testcase classname="com.testng.Grouping" name="chicken65" time="0.003"/>
  <system-out/>
  <testcase classname="com.testng.Grouping" name="mobile" time="0.001"/>
  <system-out/>
  <testcase classname="com.testng.Grouping" name="idly" time="0.002"/>
  <system-out/>
  <testcase classname="com.testng.Grouping" name="curdRice" time="0.003"/>
  <system-out/>
  <testcase classname="com.testng.Grouping" name="laptop" time="0.001"/>
  <system-out/>
  <testcase classname="com.testng.Grouping" name="poori" time="0.001"/>
  <system-out/>
  <testcase classname="com.testng.Grouping" name="fish" time="0.001"/>
  <system-out/>
</testsuite> <!-- com.testng.Grouping -->
